bstudent@bstudent-VirtualBox:~/fabric-samples/firstTest-network$
bstudent@bstudent-VirtualBox:~/fabric-samples/firstTest-network$ ./byfn.sh -m up
Starting for channel 'mychannel' with CLI timeout of '10' seconds and CLI delay of '3' seconds
Continue? [Y/n]
proceeding ...
LOCAL_VERSION=1.4.1
DOCKER_IMAGE_VERSION=1.4.1
/home/bstudent/fabric-samples/firstTest-network/../bin/cryptogen

##########################################################
##### Generate certificates using cryptogen tool #########
##########################################################
+ cryptogen generate --config=./crypto-config.yaml
org1.example.com
org2.example.com
+ res=0
+ set +x

/home/bstudent/fabric-samples/firstTest-network/../bin/configtxgen
##########################################################
#########  Generating Orderer Genesis block ##############
##########################################################
CONSENSUS_TYPE=kafka
+ '[' kafka == solo ']'
+ '[' kafka == kafka ']'
+ configtxgen -profile SampleDevModeKafka -channelID byfn-sys-channel -outputBlock ./channel-artifacts/genesis.block
2019-08-11 11:55:29.792 KST [common.tools.configtxgen] main -> INFO 001 Loading configuration
2019-08-11 11:55:30.013 KST [common.tools.configtxgen.localconfig] completeInitialization -> INFO 002 orderer type: kafka
2019-08-11 11:55:30.013 KST [common.tools.configtxgen.localconfig] Load -> INFO 003 Loaded configuration: /home/bstudent/fabric-samples/firstTest-network/configtx.yaml
2019-08-11 11:55:30.215 KST [common.tools.configtxgen.localconfig] completeInitialization -> INFO 004 orderer type: kafka
2019-08-11 11:55:30.215 KST [common.tools.configtxgen.localconfig] LoadTopLevel -> INFO 005 Loaded configuration: /home/bstudent/fabric-samples/firstTest-network/configtx.yaml
2019-08-11 11:55:30.220 KST [common.tools.configtxgen] doOutputBlock -> INFO 006 Generating genesis block
2019-08-11 11:55:30.228 KST [common.tools.configtxgen] doOutputBlock -> INFO 007 Writing genesis block
+ res=0
+ set +x

#################################################################
### Generating channel configuration transaction 'channel.tx' ###
#################################################################
+ configtxgen -profile TwoOrgsChannel -outputCreateChannelTx ./channel-artifacts/channel.tx -channelID mychannel
2019-08-11 11:55:30.306 KST [common.tools.configtxgen] main -> INFO 001 Loading configuration
2019-08-11 11:55:30.498 KST [common.tools.configtxgen.localconfig] Load -> INFO 002 Loaded configuration: /home/bstudent/fabric-samples/firstTest-network/configtx.yaml
2019-08-11 11:55:30.687 KST [common.tools.configtxgen.localconfig] completeInitialization -> INFO 003 orderer type: kafka
2019-08-11 11:55:30.687 KST [common.tools.configtxgen.localconfig] LoadTopLevel -> INFO 004 Loaded configuration: /home/bstudent/fabric-samples/firstTest-network/configtx.yaml
2019-08-11 11:55:30.687 KST [common.tools.configtxgen] doOutputChannelCreateTx -> INFO 005 Generating new channel configtx
2019-08-11 11:55:30.693 KST [common.tools.configtxgen] doOutputChannelCreateTx -> INFO 006 Writing new channel tx
+ res=0
+ set +x

#################################################################
#######    Generating anchor peer update for Org1MSP   ##########
#################################################################
+ configtxgen -profile TwoOrgsChannel -outputAnchorPeersUpdate ./channel-artifacts/Org1MSPanchors.tx -channelID mychannel -asOrg Org1MSP
2019-08-11 11:55:30.772 KST [common.tools.configtxgen] main -> INFO 001 Loading configuration
2019-08-11 11:55:30.963 KST [common.tools.configtxgen.localconfig] Load -> INFO 002 Loaded configuration: /home/bstudent/fabric-samples/firstTest-network/configtx.yaml
2019-08-11 11:55:31.191 KST [common.tools.configtxgen.localconfig] completeInitialization -> INFO 003 orderer type: kafka
2019-08-11 11:55:31.191 KST [common.tools.configtxgen.localconfig] LoadTopLevel -> INFO 004 Loaded configuration: /home/bstudent/fabric-samples/firstTest-network/configtx.yaml
2019-08-11 11:55:31.191 KST [common.tools.configtxgen] doOutputAnchorPeersUpdate -> INFO 005 Generating anchor peer update
2019-08-11 11:55:31.192 KST [common.tools.configtxgen] doOutputAnchorPeersUpdate -> INFO 006 Writing anchor peer update
+ res=0
+ set +x

#################################################################
#######    Generating anchor peer update for Org2MSP   ##########
#################################################################
+ configtxgen -profile TwoOrgsChannel -outputAnchorPeersUpdate ./channel-artifacts/Org2MSPanchors.tx -channelID mychannel -asOrg Org2MSP
2019-08-11 11:55:31.277 KST [common.tools.configtxgen] main -> INFO 001 Loading configuration
2019-08-11 11:55:31.460 KST [common.tools.configtxgen.localconfig] Load -> INFO 002 Loaded configuration: /home/bstudent/fabric-samples/firstTest-network/configtx.yaml
2019-08-11 11:55:31.661 KST [common.tools.configtxgen.localconfig] completeInitialization -> INFO 003 orderer type: kafka
2019-08-11 11:55:31.661 KST [common.tools.configtxgen.localconfig] LoadTopLevel -> INFO 004 Loaded configuration: /home/bstudent/fabric-samples/firstTest-network/configtx.yaml
2019-08-11 11:55:31.661 KST [common.tools.configtxgen] doOutputAnchorPeersUpdate -> INFO 005 Generating anchor peer update
2019-08-11 11:55:31.662 KST [common.tools.configtxgen] doOutputAnchorPeersUpdate -> INFO 006 Writing anchor peer update
+ res=0
+ set +x

WARNING: The COMPOSE_PROJECT_NAME variable is not set. Defaulting to a blank string.
Creating network "firsttestnetwork_byfn" with the default driver
Creating volume "firsttestnetwork_orderer1.example.com" with default driver
Creating volume "firsttestnetwork_orderer2.example.com" with default driver
Creating volume "firsttestnetwork_peer0.org2.example.com" with default driver
Creating volume "firsttestnetwork_peer0.org1.example.com" with default driver
Creating volume "firsttestnetwork_peer1.org1.example.com" with default driver
Creating volume "firsttestnetwork_peer1.org2.example.com" with default driver
Creating volume "firsttestnetwork_orderer0.example.com" with default driver
Creating orderer2.example.com
Creating peer0.org1.example.com
Creating peer1.org1.example.com
Creating orderer1.example.com
Creating orderer0.example.com
Creating peer0.org2.example.com
Creating zookeeper.example.com
Creating peer1.org2.example.com
Creating kafka.example.com
Creating cli
CONTAINER ID        IMAGE                                 COMMAND                  CREATED             STATUS                  PORTS                              NAMES
8c28ea088884        hyperledger/fabric-tools:latest       "/bin/bash"              2 seconds ago       Up Less than a second                                      cli
1ceae7417aee        hyperledger/fabric-kafka:latest       "/docker-entrypoint.…"   6 seconds ago       Up 2 seconds            9092-9093/tcp                      kafka.example.co
d5db56e40bb0        hyperledger/fabric-zookeeper:latest   "/docker-entrypoint.…"   14 seconds ago      Up 6 seconds            2181/tcp, 2888/tcp, 3888/tcp       zookeeper.exampl
669c3c38c19c        hyperledger/fabric-orderer:latest     "orderer"                14 seconds ago      Up 4 seconds            0.0.0.0:7050->7050/tcp             orderer0.example
ce1b9a4ad12e        hyperledger/fabric-peer:latest        "peer node start"        14 seconds ago      Up 2 seconds            0.0.0.0:9051->9051/tcp             peer0.org2.examp
681d3eb3acbc        hyperledger/fabric-peer:latest        "peer node start"        14 seconds ago      Up 7 seconds            0.0.0.0:10051->10051/tcp           peer1.org2.examp
816ba2a5f9aa        hyperledger/fabric-orderer:latest     "orderer"                14 seconds ago      Up 3 seconds            7050/tcp, 0.0.0.0:9050->9050/tcp   orderer2.example
e359919916b5        hyperledger/fabric-orderer:latest     "orderer"                14 seconds ago      Up 8 seconds            7050/tcp, 0.0.0.0:8050->8050/tcp   orderer1.example
bd77c39aede2        hyperledger/fabric-peer:latest        "peer node start"        14 seconds ago      Up 9 seconds            0.0.0.0:8051->8051/tcp             peer1.org1.examp
d9beb29822e0        hyperledger/fabric-peer:latest        "peer node start"        14 seconds ago      Up 6 seconds            0.0.0.0:7051->7051/tcp             peer0.org1.examp
Sleeping 10s to allow kafka cluster to complete booting

 ____    _____      _      ____    _____
 / ___|  |_   _|    / \    |  _ \  |_   _|
 \___ \    | |     / _ \   | |_) |   | |
  ___) |   | |    / ___ \  |  _ <    | |
  |____/    |_|   /_/   \_\ |_| \_\   |_|

  Build your first network (BYFN) end-to-end test

  Channel name : mychannel
  Creating channel...
  ===================== setGlobals() 0.org1 =====================
  + peer channel create -o orderer0.example.com:7050 -c mychannel -f ./channel-artifacts/channel.tx --tls true --cafile /opt/gopath/src/github.com/hyperledger/fabric/peer/crypto/orm/msp/tlscacerts/tlsca.example.com-cert.pem
  + res=0
  + set +x
  Error: failed to create deliver client: orderer client failed to connect to orderer2.example.com:9050: failed to create new connection: connection error: desc = "transport: errortion refused"
  !!!!!!!!!!!!!!! Channel creation failed !!!!!!!!!!!!!!!!
  ========= ERROR !!! FAILED to execute End-2-End Scenario ===========

  ERROR !!!! Test failed
  bstudent@bstudent-VirtualBox:~/fabric-samples/firstTest-network$
  bstudent@bstudent-VirtualBox:~/fabric-samples/firstTest-network$

